<?xml version="1.0" encoding="UTF-8"?>
<!-- Generated by org.testng.reporters.JUnitReportReporter -->
<testsuite hostname="Vishal-PC" name="com.secondLargestNumber.test.SecondLargestNumber.TestScondLargestNumber" tests="3" failures="0" timestamp="17 Jun 2016 01:17:17 GMT" time="0.061" errors="0">
  <testcase name="testArrayNotNull" time="0.041" classname="com.secondLargestNumber.test.SecondLargestNumber.TestScondLargestNumber"/>
  <testcase name="testScondLargestNumber" time="0.007" classname="com.secondLargestNumber.test.SecondLargestNumber.TestScondLargestNumber"/>
  <testcase name="testArrayOnlyOneElement" time="0.013" classname="com.secondLargestNumber.test.SecondLargestNumber.TestScondLargestNumber"/>
</testsuite> <!-- com.secondLargestNumber.test.SecondLargestNumber.TestScondLargestNumber -->
