<?xml version="1.0" encoding="UTF-8"?>
<!-- Generated by org.testng.reporters.JUnitReportReporter -->
<testsuite hostname="Vishal-PC" name="com.secondLargestNumber.test.SecondLargestNumber.TestSecondLargestNumber" tests="6" failures="0" timestamp="17 Jun 2016 07:15:57 GMT" time="0.028" errors="0">
  <testcase name="testArrayOnlyOneElement" time="0.000" classname="com.secondLargestNumber.test.SecondLargestNumber.TestSecondLargestNumber"/>
  <testcase name="testArrayIsNull" time="0.001" classname="com.secondLargestNumber.test.SecondLargestNumber.TestSecondLargestNumber"/>
  <testcase name="withoutsorting" time="0.001" classname="com.secondLargestNumber.test.SecondLargestNumber.TestSecondLargestNumber"/>
  <testcase name="allElementsAreSame" time="0.024" classname="com.secondLargestNumber.test.SecondLargestNumber.TestSecondLargestNumber"/>
  <testcase name="testArrayWithTwoElements" time="0.001" classname="com.secondLargestNumber.test.SecondLargestNumber.TestSecondLargestNumber"/>
  <testcase name="testScondLargestNumber" time="0.001" classname="com.secondLargestNumber.test.SecondLargestNumber.TestSecondLargestNumber"/>
</testsuite> <!-- com.secondLargestNumber.test.SecondLargestNumber.TestSecondLargestNumber -->
